{"/mnt/c/Users/VBron/Documents/csds393/csds-393-project/spotify-chrome-extension/src/SpotifyAPI.tsx": {"path":"/mnt/c/Users/VBron/Documents/csds393/csds-393-project/spotify-chrome-extension/src/SpotifyAPI.tsx","statementMap":{"0":{"start":{"line":69,"column":19},"end":{"line":74,"column":null}},"1":{"start":{"line":76,"column":15},"end":{"line":76,"column":null}},"2":{"start":{"line":78,"column":2},"end":{"line":81,"column":null}},"3":{"start":{"line":79,"column":18},"end":{"line":79,"column":null}},"4":{"start":{"line":80,"column":4},"end":{"line":80,"column":null}},"5":{"start":{"line":83,"column":2},"end":{"line":86,"column":null}},"6":{"start":{"line":96,"column":2},"end":{"line":96,"column":null}},"7":{"start":{"line":106,"column":2},"end":{"line":106,"column":null}}},"fnMap":{"0":{"name":"spotifyGetRequest","decl":{"start":{"line":65,"column":15},"end":{"line":65,"column":null}},"loc":{"start":{"line":68,"column":34},"end":{"line":87,"column":null}},"line":68},"1":{"name":"getCurrentlyPlayingTrack","decl":{"start":{"line":93,"column":22},"end":{"line":93,"column":null}},"loc":{"start":{"line":95,"column":54},"end":{"line":97,"column":null}},"line":95},"2":{"name":"getTrackDetails","decl":{"start":{"line":102,"column":22},"end":{"line":102,"column":null}},"loc":{"start":{"line":105,"column":45},"end":{"line":107,"column":null}},"line":105}},"branchMap":{"0":{"loc":{"start":{"line":78,"column":2},"end":{"line":81,"column":null}},"type":"if","locations":[{"start":{"line":78,"column":2},"end":{"line":81,"column":null}},{"start":{},"end":{}}],"line":78}},"s":{"0":3,"1":3,"2":3,"3":1,"4":1,"5":2,"6":1,"7":2},"f":{"0":3,"1":1,"2":2},"b":{"0":[1,2]},"meta":{"lastBranch":1,"lastFunction":3,"lastStatement":8,"seen":{"f:65:15:65:Infinity":0,"s:69:19:74:Infinity":0,"s:76:15:76:Infinity":1,"b:78:2:81:Infinity:undefined:undefined:undefined:undefined":0,"s:78:2:81:Infinity":2,"s:79:18:79:Infinity":3,"s:80:4:80:Infinity":4,"s:83:2:86:Infinity":5,"f:93:22:93:Infinity":1,"s:96:2:96:Infinity":6,"f:102:22:102:Infinity":2,"s:106:2:106:Infinity":7}}}
,"/mnt/c/Users/VBron/Documents/csds393/csds-393-project/spotify-chrome-extension/src/llm/client.ts": {"path":"/mnt/c/Users/VBron/Documents/csds393/csds-393-project/spotify-chrome-extension/src/llm/client.ts","statementMap":{"0":{"start":{"line":26,"column":4},"end":{"line":36,"column":null}},"1":{"start":{"line":27,"column":20},"end":{"line":27,"column":null}},"2":{"start":{"line":28,"column":6},"end":{"line":35,"column":null}},"3":{"start":{"line":40,"column":17},"end":{"line":40,"column":null}},"4":{"start":{"line":41,"column":19},"end":{"line":41,"column":null}},"5":{"start":{"line":42,"column":19},"end":{"line":42,"column":null}},"6":{"start":{"line":43,"column":4},"end":{"line":43,"column":null}},"7":{"start":{"line":43,"column":38},"end":{"line":43,"column":null}},"8":{"start":{"line":44,"column":4},"end":{"line":44,"column":null}},"9":{"start":{"line":44,"column":36},"end":{"line":44,"column":null}},"10":{"start":{"line":45,"column":4},"end":{"line":51,"column":null}},"11":{"start":{"line":55,"column":4},"end":{"line":55,"column":null}},"12":{"start":{"line":56,"column":4},"end":{"line":56,"column":null}},"13":{"start":{"line":61,"column":4},"end":{"line":61,"column":null}},"14":{"start":{"line":61,"column":22},"end":{"line":61,"column":null}},"15":{"start":{"line":62,"column":4},"end":{"line":62,"column":null}},"16":{"start":{"line":66,"column":25},"end":{"line":69,"column":null}},"17":{"start":{"line":70,"column":26},"end":{"line":70,"column":null}},"18":{"start":{"line":71,"column":4},"end":{"line":73,"column":null}},"19":{"start":{"line":72,"column":6},"end":{"line":72,"column":null}},"20":{"start":{"line":74,"column":4},"end":{"line":74,"column":null}},"21":{"start":{"line":78,"column":22},"end":{"line":78,"column":null}},"22":{"start":{"line":79,"column":4},"end":{"line":84,"column":null}},"23":{"start":{"line":80,"column":20},"end":{"line":80,"column":null}},"24":{"start":{"line":81,"column":23},"end":{"line":81,"column":null}},"25":{"start":{"line":82,"column":19},"end":{"line":82,"column":null}},"26":{"start":{"line":83,"column":6},"end":{"line":83,"column":null}},"27":{"start":{"line":85,"column":4},"end":{"line":85,"column":null}},"28":{"start":{"line":90,"column":4},"end":{"line":90,"column":null}},"29":{"start":{"line":90,"column":22},"end":{"line":90,"column":null}},"30":{"start":{"line":91,"column":4},"end":{"line":91,"column":null}},"31":{"start":{"line":93,"column":18},"end":{"line":93,"column":null}},"32":{"start":{"line":94,"column":19},"end":{"line":94,"column":null}},"33":{"start":{"line":95,"column":17},"end":{"line":95,"column":null}},"34":{"start":{"line":96,"column":4},"end":{"line":96,"column":null}},"35":{"start":{"line":173,"column":21},"end":{"line":173,"column":null}},"36":{"start":{"line":174,"column":15},"end":{"line":174,"column":null}},"37":{"start":{"line":175,"column":2},"end":{"line":175,"column":null}},"38":{"start":{"line":180,"column":2},"end":{"line":183,"column":null}},"39":{"start":{"line":189,"column":14},"end":{"line":189,"column":null}},"40":{"start":{"line":190,"column":16},"end":{"line":190,"column":null}},"41":{"start":{"line":191,"column":2},"end":{"line":193,"column":null}},"42":{"start":{"line":192,"column":4},"end":{"line":192,"column":null}},"43":{"start":{"line":192,"column":29},"end":{"line":192,"column":null}},"44":{"start":{"line":194,"column":2},"end":{"line":194,"column":null}}},"fnMap":{"0":{"name":"(anonymous_0)","decl":{"start":{"line":25,"column":2},"end":{"line":25,"column":14}},"loc":{"start":{"line":25,"column":38},"end":{"line":37,"column":null}},"line":25},"1":{"name":"(anonymous_1)","decl":{"start":{"line":26,"column":35},"end":{"line":26,"column":36}},"loc":{"start":{"line":26,"column":44},"end":{"line":36,"column":null}},"line":26},"2":{"name":"(anonymous_2)","decl":{"start":{"line":39,"column":9},"end":{"line":39,"column":21}},"loc":{"start":{"line":39,"column":120},"end":{"line":52,"column":null}},"line":39},"3":{"name":"(anonymous_3)","decl":{"start":{"line":54,"column":2},"end":{"line":54,"column":12}},"loc":{"start":{"line":54,"column":25},"end":{"line":57,"column":null}},"line":54},"4":{"name":"(anonymous_4)","decl":{"start":{"line":60,"column":10},"end":{"line":60,"column":30}},"loc":{"start":{"line":60,"column":30},"end":{"line":63,"column":null}},"line":60},"5":{"name":"(anonymous_5)","decl":{"start":{"line":65,"column":10},"end":{"line":65,"column":27}},"loc":{"start":{"line":65,"column":62},"end":{"line":75,"column":null}},"line":65},"6":{"name":"(anonymous_6)","decl":{"start":{"line":77,"column":9},"end":{"line":77,"column":21}},"loc":{"start":{"line":77,"column":46},"end":{"line":86,"column":null}},"line":77},"7":{"name":"(anonymous_7)","decl":{"start":{"line":89,"column":8},"end":{"line":89,"column":22}},"loc":{"start":{"line":89,"column":85},"end":{"line":97,"column":null}},"line":89},"8":{"name":"toImagePart","decl":{"start":{"line":171,"column":9},"end":{"line":171,"column":21}},"loc":{"start":{"line":171,"column":38},"end":{"line":176,"column":null}},"line":171},"9":{"name":"extractText","decl":{"start":{"line":178,"column":9},"end":{"line":178,"column":21}},"loc":{"start":{"line":178,"column":39},"end":{"line":185,"column":null}},"line":178},"10":{"name":"parseAndValidateTheme","decl":{"start":{"line":188,"column":9},"end":{"line":188,"column":31}},"loc":{"start":{"line":188,"column":45},"end":{"line":195,"column":null}},"line":188}},"branchMap":{"0":{"loc":{"start":{"line":26,"column":23},"end":{"line":36,"column":null}},"type":"binary-expr","locations":[{"start":{"line":26,"column":23},"end":{"line":26,"column":35}},{"start":{"line":26,"column":35},"end":{"line":36,"column":null}}],"line":26},"1":{"loc":{"start":{"line":40,"column":17},"end":{"line":40,"column":null}},"type":"binary-expr","locations":[{"start":{"line":40,"column":17},"end":{"line":40,"column":54}},{"start":{"line":40,"column":54},"end":{"line":40,"column":null}}],"line":40},"2":{"loc":{"start":{"line":41,"column":19},"end":{"line":41,"column":null}},"type":"cond-expr","locations":[{"start":{"line":41,"column":55},"end":{"line":41,"column":93}},{"start":{"line":41,"column":93},"end":{"line":41,"column":null}}],"line":41},"3":{"loc":{"start":{"line":43,"column":4},"end":{"line":43,"column":null}},"type":"if","locations":[{"start":{"line":43,"column":4},"end":{"line":43,"column":null}},{"start":{},"end":{}}],"line":43},"4":{"loc":{"start":{"line":44,"column":4},"end":{"line":44,"column":null}},"type":"if","locations":[{"start":{"line":44,"column":4},"end":{"line":44,"column":null}},{"start":{},"end":{}}],"line":44},"5":{"loc":{"start":{"line":61,"column":4},"end":{"line":61,"column":null}},"type":"if","locations":[{"start":{"line":61,"column":4},"end":{"line":61,"column":null}},{"start":{},"end":{}}],"line":61},"6":{"loc":{"start":{"line":71,"column":4},"end":{"line":73,"column":null}},"type":"if","locations":[{"start":{"line":71,"column":4},"end":{"line":73,"column":null}},{"start":{},"end":{}}],"line":71},"7":{"loc":{"start":{"line":79,"column":4},"end":{"line":84,"column":null}},"type":"if","locations":[{"start":{"line":79,"column":4},"end":{"line":84,"column":null}},{"start":{},"end":{}}],"line":79},"8":{"loc":{"start":{"line":81,"column":23},"end":{"line":81,"column":null}},"type":"binary-expr","locations":[{"start":{"line":81,"column":23},"end":{"line":81,"column":37}},{"start":{"line":81,"column":37},"end":{"line":81,"column":null}}],"line":81},"9":{"loc":{"start":{"line":82,"column":19},"end":{"line":82,"column":null}},"type":"binary-expr","locations":[{"start":{"line":82,"column":19},"end":{"line":82,"column":33}},{"start":{"line":82,"column":33},"end":{"line":82,"column":66}},{"start":{"line":82,"column":66},"end":{"line":82,"column":null}}],"line":82},"10":{"loc":{"start":{"line":90,"column":4},"end":{"line":90,"column":null}},"type":"if","locations":[{"start":{"line":90,"column":4},"end":{"line":90,"column":null}},{"start":{},"end":{}}],"line":90},"11":{"loc":{"start":{"line":173,"column":21},"end":{"line":173,"column":null}},"type":"binary-expr","locations":[{"start":{"line":173,"column":21},"end":{"line":173,"column":66}},{"start":{"line":173,"column":66},"end":{"line":173,"column":null}}],"line":173},"12":{"loc":{"start":{"line":181,"column":4},"end":{"line":183,"column":null}},"type":"binary-expr","locations":[{"start":{"line":181,"column":4},"end":{"line":181,"column":null}},{"start":{"line":182,"column":4},"end":{"line":182,"column":null}},{"start":{"line":183,"column":4},"end":{"line":183,"column":null}}],"line":181},"13":{"loc":{"start":{"line":190,"column":16},"end":{"line":190,"column":null}},"type":"binary-expr","locations":[{"start":{"line":190,"column":16},"end":{"line":190,"column":29}},{"start":{"line":190,"column":29},"end":{"line":190,"column":null}}],"line":190},"14":{"loc":{"start":{"line":192,"column":4},"end":{"line":192,"column":null}},"type":"if","locations":[{"start":{"line":192,"column":4},"end":{"line":192,"column":null}},{"start":{},"end":{}}],"line":192}},"s":{"0":4,"1":4,"2":4,"3":7,"4":7,"5":7,"6":7,"7":0,"8":7,"9":0,"10":7,"11":4,"12":4,"13":0,"14":0,"15":0,"16":4,"17":4,"18":4,"19":1,"20":4,"21":1,"22":1,"23":1,"24":1,"25":1,"26":1,"27":0,"28":4,"29":0,"30":4,"31":4,"32":4,"33":4,"34":4,"35":0,"36":0,"37":0,"38":0,"39":0,"40":0,"41":0,"42":0,"43":0,"44":0},"f":{"0":4,"1":4,"2":1,"3":4,"4":0,"5":1,"6":1,"7":4,"8":0,"9":0,"10":0},"b":{"0":[4,4],"1":[7,2],"2":[4,3],"3":[0,7],"4":[0,7],"5":[0,0],"6":[1,3],"7":[1,0],"8":[1,0],"9":[1,0,0],"10":[0,4],"11":[0,0],"12":[0,0,0],"13":[0,0],"14":[0,0]},"meta":{"lastBranch":15,"lastFunction":11,"lastStatement":45,"seen":{"f:25:2:25:14":0,"s:26:4:36:Infinity":0,"b:26:23:26:35:26:35:36:Infinity":0,"f:26:35:26:36":1,"s:27:20:27:Infinity":1,"s:28:6:35:Infinity":2,"f:39:9:39:21":2,"s:40:17:40:Infinity":3,"b:40:17:40:54:40:54:40:Infinity":1,"s:41:19:41:Infinity":4,"b:41:55:41:93:41:93:41:Infinity":2,"s:42:19:42:Infinity":5,"b:43:4:43:Infinity:undefined:undefined:undefined:undefined":3,"s:43:4:43:Infinity":6,"s:43:38:43:Infinity":7,"b:44:4:44:Infinity:undefined:undefined:undefined:undefined":4,"s:44:4:44:Infinity":8,"s:44:36:44:Infinity":9,"s:45:4:51:Infinity":10,"f:54:2:54:12":3,"s:55:4:55:Infinity":11,"s:56:4:56:Infinity":12,"f:60:10:60:30":4,"b:61:4:61:Infinity:undefined:undefined:undefined:undefined":5,"s:61:4:61:Infinity":13,"s:61:22:61:Infinity":14,"s:62:4:62:Infinity":15,"f:65:10:65:27":5,"s:66:25:69:Infinity":16,"s:70:26:70:Infinity":17,"b:71:4:73:Infinity:undefined:undefined:undefined:undefined":6,"s:71:4:73:Infinity":18,"s:72:6:72:Infinity":19,"s:74:4:74:Infinity":20,"f:77:9:77:21":6,"s:78:22:78:Infinity":21,"b:79:4:84:Infinity:undefined:undefined:undefined:undefined":7,"s:79:4:84:Infinity":22,"s:80:20:80:Infinity":23,"s:81:23:81:Infinity":24,"b:81:23:81:37:81:37:81:Infinity":8,"s:82:19:82:Infinity":25,"b:82:19:82:33:82:33:82:66:82:66:82:Infinity":9,"s:83:6:83:Infinity":26,"s:85:4:85:Infinity":27,"f:89:8:89:22":7,"b:90:4:90:Infinity:undefined:undefined:undefined:undefined":10,"s:90:4:90:Infinity":28,"s:90:22:90:Infinity":29,"s:91:4:91:Infinity":30,"s:93:18:93:Infinity":31,"s:94:19:94:Infinity":32,"s:95:17:95:Infinity":33,"s:96:4:96:Infinity":34,"f:171:9:171:21":8,"s:173:21:173:Infinity":35,"b:173:21:173:66:173:66:173:Infinity":11,"s:174:15:174:Infinity":36,"s:175:2:175:Infinity":37,"f:178:9:178:21":9,"s:180:2:183:Infinity":38,"b:181:4:181:Infinity:182:4:182:Infinity:183:4:183:Infinity":12,"f:188:9:188:31":10,"s:189:14:189:Infinity":39,"s:190:16:190:Infinity":40,"b:190:16:190:29:190:29:190:Infinity":13,"s:191:2:193:Infinity":41,"b:192:4:192:Infinity:undefined:undefined:undefined:undefined":14,"s:192:4:192:Infinity":42,"s:192:29:192:Infinity":43,"s:194:2:194:Infinity":44}}}
}
